C51 COMPILER V9.00   16位竞赛抢答器的设计可查看顺序13_16                                   06/19/2019 12:33:15 PAGE 1   


C51 COMPILER V9.00, COMPILATION OF MODULE 16位竞赛抢答器的设计可查看顺序13_16
OBJECT MODULE PLACED IN 16位竞赛抢答器的设计可查看顺序13-16.OBJ
COMPILER INVOKED BY: D:\Keil\C51\BIN\C51.EXE 16位竞赛抢答器的设计可查看顺序13-16.c BROWSE DEBUG OBJECTEXTEND

line level    source

   1          
   2          
   3          #include<reg51.h>
   4          sbit wr=P3^0; 
   5          sbit cs1=P3^1; //控制段锁存器
   6          sbit cs2=P3^2; //用于选择控制位码
   7          
   8          void delay_5ms()           //延时5ms
   9          {
  10   1              unsigned char i,j;
  11   1              for(i=0;i<=25;i++)
  12   1                      for(j=0;j<=200;j++);    
  13   1      }
  14          
  15          void scan()
  16          {
  17   1      unsigned char value,temp,dig;
  18   1        P2=0xff;
  19   1        P0=0xff;
  20   1        value=0;
  21   1        dig=P1&0xf0;  
  22   1        temp=P1&0x0f;  
  23   1          switch(temp)
  24   1              { 
  25   2      
  26   2                case 0x0d:
  27   2                  value=13;
  28   2                      P0=dig;
  29   2                  break;
  30   2                case 0x0e:
  31   2                  value=14;
  32   2                      P2=dig;
  33   2                  break;
  34   2                
  35   2                default:
  36   2                  value=16;
  37   2                      
  38   2                  break;
  39   2              }
  40   1      
  41   1      }
  42           
  43          void main()
  44          {
  45   1        while(1)
  46   1        {
  47   2        /*unsigned char dig;
  48   2        P2=0x00;
  49   2        P0=0x00;  
  50   2        dig=P1&0xf0;
  51   2        P0=dig>>4;
  52   2        P2=dig;*/     
  53   2        wr=0;  
  54   2        scan();
  55   2      
C51 COMPILER V9.00   16位竞赛抢答器的设计可查看顺序13_16                                   06/19/2019 12:33:15 PAGE 2   

  56   2      
  57   2              
  58   2        }
  59   1      }
  60          


MODULE INFORMATION:   STATIC OVERLAYABLE
   CODE SIZE        =     52    ----
   CONSTANT SIZE    =   ----    ----
   XDATA SIZE       =   ----    ----
   PDATA SIZE       =   ----    ----
   DATA SIZE        =   ----    ----
   IDATA SIZE       =   ----    ----
   BIT SIZE         =   ----    ----
END OF MODULE INFORMATION.


C51 COMPILATION COMPLETE.  0 WARNING(S),  0 ERROR(S)
