C51 COMPILER V9.00   16位竞赛抢答器的设计可查看顺序                                        06/17/2019 13:54:19 PAGE 1   


C51 COMPILER V9.00, COMPILATION OF MODULE 16位竞赛抢答器的设计可查看顺序
OBJECT MODULE PLACED IN 16位竞赛抢答器的设计可查看顺序.OBJ
COMPILER INVOKED BY: D:\Keil\C51\BIN\C51.EXE 16位竞赛抢答器的设计可查看顺序.c BROWSE DEBUG OBJECTEXTEND

line level    source

   1          
   2          
   3          #include<reg51.h>
   4          sbit wr=P3^0; 
   5          sbit cs1=P3^1; //控制段锁存器
   6          sbit cs2=P3^2; //用于选择控制位码
   7          
   8          void delay_5ms()           //延时5ms
   9          {
  10   1              unsigned char i,j;
  11   1              for(i=0;i<=25;i++)
  12   1                      for(j=0;j<=200;j++);    
  13   1      }
  14          
  15          void scan()
  16          {
  17   1      unsigned char value,temp,dig;
  18   1        P2=0xff;
  19   1        P0=0xff;
  20   1        value=0;
  21   1        dig=P1&0xf0;  
  22   1        temp=P1&0x0f;  
  23   1          switch(temp)
  24   1              {
  25   2                case 0x01:
  26   2                cs1=0; 
  27   2                value=1;         
  28   2                 P0=dig>>4;cs1=1;     
  29   2                  break;
  30   2                case 0x02:
  31   2                cs1=0; 
  32   2                value=2;   
  33   2                 P0=dig; cs1=1;
  34   2                  break;
  35   2                case 0x03:
  36   2                  value=3;
  37   2                      P2=dig>>4;
  38   2                  break;
  39   2                case 0x04:
  40   2                  value=4;
  41   2                      P2=dig;
  42   2                  break;
  43   2                default:
  44   2                  value=0;
  45   2                  break;
  46   2              }
  47   1      
  48   1      }
  49           
  50          void main()
  51          {
  52   1        while(1)
  53   1        {
  54   2        /*unsigned char dig;
  55   2        P2=0x00;
C51 COMPILER V9.00   16位竞赛抢答器的设计可查看顺序                                        06/17/2019 13:54:19 PAGE 2   

  56   2        P0=0x00;  
  57   2        dig=P1&0xf0;
  58   2        P0=dig>>4;
  59   2        P2=dig;*/     
  60   2        wr=0;  
  61   2        scan();
  62   2      
  63   2      
  64   2              
  65   2        }
  66   1      }
  67          


MODULE INFORMATION:   STATIC OVERLAYABLE
   CODE SIZE        =     81    ----
   CONSTANT SIZE    =   ----    ----
   XDATA SIZE       =   ----    ----
   PDATA SIZE       =   ----    ----
   DATA SIZE        =   ----    ----
   IDATA SIZE       =   ----    ----
   BIT SIZE         =   ----    ----
END OF MODULE INFORMATION.


C51 COMPILATION COMPLETE.  0 WARNING(S),  0 ERROR(S)
