C51 COMPILER V9.00   16位竞赛抢答器的设计可查看顺序3_4                                     06/19/2019 11:47:45 PAGE 1   


C51 COMPILER V9.00, COMPILATION OF MODULE 16位竞赛抢答器的设计可查看顺序3_4
OBJECT MODULE PLACED IN 16位竞赛抢答器的设计可查看顺序3-4.OBJ
COMPILER INVOKED BY: D:\Keil\C51\BIN\C51.EXE 16位竞赛抢答器的设计可查看顺序3-4.c BROWSE DEBUG OBJECTEXTEND

line level    source

   1          
   2          
   3          #include<reg51.h>
   4          sbit wr=P3^0; 
   5          sbit cs1=P3^1; //控制段锁存器
   6          sbit cs2=P3^2; //用于选择控制位码
   7          
   8          void delay_5ms()           //延时5ms
   9          {
  10   1              unsigned char i,j;
  11   1              for(i=0;i<=25;i++)
  12   1                      for(j=0;j<=200;j++);    
  13   1      }
  14          
  15          void scan()
  16          {
  17   1      unsigned char value,temp,dig;
  18   1        P2=0xff;
  19   1        P0=0xff;
  20   1        value=0;
  21   1        dig=P1&0xf0;  
  22   1        temp=P1&0x0f;  
  23   1          switch(temp)
  24   1              {
  25   2      
  26   2                case 0x03:
  27   2                  value=3;
  28   2                      P0=dig>>4;
  29   2                  break;
  30   2                case 0x04:
  31   2                  value=4;
  32   2                      P2=dig>>4;
  33   2                  break;
  34   2                default:
  35   2                  value=0;
  36   2                  break;
  37   2              }
  38   1      
  39   1      }
  40           
  41          void main()
  42          {
  43   1        while(1)
  44   1        {
  45   2        /*unsigned char dig;
  46   2        P2=0x00;
  47   2        P0=0x00;  
  48   2        dig=P1&0xf0;
  49   2        P0=dig>>4;
  50   2        P2=dig;*/     
  51   2        wr=0;  
  52   2        scan();
  53   2      
  54   2      
  55   2              
C51 COMPILER V9.00   16位竞赛抢答器的设计可查看顺序3_4                                     06/19/2019 11:47:45 PAGE 2   

  56   2        }
  57   1      }
  58          


MODULE INFORMATION:   STATIC OVERLAYABLE
   CODE SIZE        =     60    ----
   CONSTANT SIZE    =   ----    ----
   XDATA SIZE       =   ----    ----
   PDATA SIZE       =   ----    ----
   DATA SIZE        =   ----    ----
   IDATA SIZE       =   ----    ----
   BIT SIZE         =   ----    ----
END OF MODULE INFORMATION.


C51 COMPILATION COMPLETE.  0 WARNING(S),  0 ERROR(S)
