C51 COMPILER V9.00   16位竞赛抢答器的设计可查看顺序7_8                                     06/19/2019 11:49:44 PAGE 1   


C51 COMPILER V9.00, COMPILATION OF MODULE 16位竞赛抢答器的设计可查看顺序7_8
OBJECT MODULE PLACED IN 16位竞赛抢答器的设计可查看顺序7-8.OBJ
COMPILER INVOKED BY: D:\Keil\C51\BIN\C51.EXE 16位竞赛抢答器的设计可查看顺序7-8.c BROWSE DEBUG OBJECTEXTEND

line level    source

   1          
   2          
   3          #include<reg51.h>
   4          sbit wr=P3^0; 
   5          sbit cs1=P3^1; //控制段锁存器
   6          sbit cs2=P3^2; //用于选择控制位码
   7          
   8          void delay_5ms()           //延时5ms
   9          {
  10   1              unsigned char i,j;
  11   1              for(i=0;i<=25;i++)
  12   1                      for(j=0;j<=200;j++);    
  13   1      }
  14          
  15          void scan()
  16          {
  17   1      unsigned char value,temp,dig;
  18   1        P2=0xff;
  19   1        P0=0xff;
  20   1        value=0;
  21   1        dig=P1&0xf0;  
  22   1        temp=P1&0x0f;  
  23   1          switch(temp)
  24   1              { 
  25   2      
  26   2                case 0x07:
  27   2                  value=7;
  28   2                      P0=dig>>4;
  29   2                  break;
  30   2            case 0x08:
  31   2                  value=8;
  32   2                      P2=dig>>4;
  33   2                  break;
  34   2      /*        case 0x09:
  35   2                  value=9;
  36   2                  break;
  37   2                case 0x09:
  38   2                  value=10;
  39   2                  break;
  40   2                case 0x0a:
  41   2                  value=11;
  42   2                  break;
  43   2                case 0x0b:
  44   2                  value=12;
  45   2                  break;
  46   2                case 0x0c:
  47   2                  value=13;
  48   2                  break;
  49   2                case 0x0d:
  50   2                  value=14;
  51   2                  break;
  52   2                case 0x0e:
  53   2                  value=15;
  54   2                  break;
  55   2            case 0x0f:
C51 COMPILER V9.00   16位竞赛抢答器的设计可查看顺序7_8                                     06/19/2019 11:49:44 PAGE 2   

  56   2                  value=16;
  57   2                  break;
  58   2                      */
  59   2                default:
  60   2                  value=0;
  61   2                  break;
  62   2              }
  63   1      
  64   1      }
  65           
  66          void main()
  67          {
  68   1        while(1)
  69   1        {
  70   2        /*unsigned char dig;
  71   2        P2=0x00;
  72   2        P0=0x00;  
  73   2        dig=P1&0xf0;
  74   2        P0=dig>>4;
  75   2        P2=dig;*/     
  76   2        wr=0;  
  77   2        scan();
  78   2      
  79   2      
  80   2              
  81   2        }
  82   1      }
  83          


MODULE INFORMATION:   STATIC OVERLAYABLE
   CODE SIZE        =     60    ----
   CONSTANT SIZE    =   ----    ----
   XDATA SIZE       =   ----    ----
   PDATA SIZE       =   ----    ----
   DATA SIZE        =   ----    ----
   IDATA SIZE       =   ----    ----
   BIT SIZE         =   ----    ----
END OF MODULE INFORMATION.


C51 COMPILATION COMPLETE.  0 WARNING(S),  0 ERROR(S)
