C51 COMPILER V9.00   16位竞赛抢答器的设计可查看顺序15_16                                   06/20/2019 08:57:22 PAGE 1   


C51 COMPILER V9.00, COMPILATION OF MODULE 16位竞赛抢答器的设计可查看顺序15_16
OBJECT MODULE PLACED IN 16位竞赛抢答器的设计可查看顺序15-16.OBJ
COMPILER INVOKED BY: D:\Keil\C51\BIN\C51.EXE 16位竞赛抢答器的设计可查看顺序15-16.c BROWSE DEBUG OBJECTEXTEND

line level    source

   1          
   2          
   3          #include<reg51.h>
   4          sbit wr=P3^0; 
   5          sbit cs1=P3^1; //控制段锁存器
   6          sbit cs2=P3^2; //用于选择控制位码
   7          
   8          void delay_5ms()           //延时5ms
   9          {
  10   1              unsigned char i,j;
  11   1              for(i=0;i<=25;i++)
  12   1                      for(j=0;j<=200;j++);    
  13   1      }
  14          
  15          void scan()
  16          {
  17   1      unsigned char value,temp,dig,digh;
  18   1        P2=0xff;
  19   1        P0=0xff;
  20   1        value=0;
  21   1        dig=P1&0xf0;
  22   1              
  23   1        temp=P1&0x0f;  
  24   1          switch(temp)
  25   1              { 
  26   2      
  27   2                case 0x0f:
  28   2                  value=15;
  29   2                      P0=dig;
  30   2                  break;
  31   2               case 0x10:
  32   2                      value=16;
  33   2                       P2=dig;
  34   2                       break;             
  35   2                      default:
  36   2                       
  37   2                      break;
  38   2              }
  39   1      
  40   1      }
*** WARNING C280 IN LINE 17 OF 16位竞赛抢答器的设计可查看顺序15-16.C: 'digh': unreferenced local variable
  41           
  42          void main()
  43          {
  44   1        while(1)
  45   1        {
  46   2        /*unsigned char dig;
  47   2        P2=0x00;
  48   2        P0=0x00;  
  49   2        dig=P1&0xf0;
  50   2        P0=dig>>4;
  51   2        P2=dig;*/     
  52   2        wr=0;  
  53   2        scan();       
  54   2        }
C51 COMPILER V9.00   16位竞赛抢答器的设计可查看顺序15_16                                   06/20/2019 08:57:22 PAGE 2   

  55   1      }
  56          


MODULE INFORMATION:   STATIC OVERLAYABLE
   CODE SIZE        =     51    ----
   CONSTANT SIZE    =   ----    ----
   XDATA SIZE       =   ----    ----
   PDATA SIZE       =   ----    ----
   DATA SIZE        =   ----       1
   IDATA SIZE       =   ----    ----
   BIT SIZE         =   ----    ----
END OF MODULE INFORMATION.


C51 COMPILATION COMPLETE.  1 WARNING(S),  0 ERROR(S)
