C51 COMPILER V9.00   8位竞赛抢答器的设计                                                   06/06/2019 20:53:41 PAGE 1   


C51 COMPILER V9.00, COMPILATION OF MODULE 8位竞赛抢答器的设计
OBJECT MODULE PLACED IN 8位竞赛抢答器的设计.OBJ
COMPILER INVOKED BY: D:\Keil\C51\BIN\C51.EXE 8位竞赛抢答器的设计.c BROWSE DEBUG OBJECTEXTEND

line level    source

   1          #include<reg51.h>
   2          
   3          sbit DIN=P3^0;//与max7219接口定义
   4          sbit LOAD=P3^1;
   5          sbit CLK=P3^2;
   6          
   7          sbit key0=P1^0;//8路抢答器按键
   8          sbit key1=P1^1;
   9          sbit key2=P1^2;
  10          sbit key3=P1^3;
  11          sbit key4=P1^4;
  12          sbit key5=P1^5;
  13          sbit key6=P1^6;
  14          sbit key7=P1^7;
  15          
  16          sbit key_clear=P2^0;//主持人时间设置、清除
  17          sbit begin=P2^1;//主持人开始按键
  18          
  19          sbit sounder=P3^7;//蜂鸣器
  20          
  21          unsigned char second=30;//秒表计数值
  22          unsigned char counter=0;//counter每100，minite加1
  23          unsigned char people=0;//抢答结果
  24          
  25          unsigned char num_add[]={0x01,0x02,0x03,0x04,0x05,0x06,0x07,0x08};//max7219读写地址、内容
  26          unsigned char num_dat[]={0x80,0x81,0x82,0x83,0x84,0x85,0x86,0x87,0x88,0x89};
  27          
  28          unsigned char keyscan()//键盘扫描函数
  29          {
  30   1        unsigned char keyvalue,temp;
  31   1        
  32   1        keyvalue=0;
  33   1        P1=0xff;
  34   1        temp=P1;
  35   1        if(~(P1&temp))
  36   1        {
  37   2          switch(temp)
  38   2              {
  39   3                case 0xfe:
  40   3                  keyvalue=1;
  41   3                  break;
  42   3                case 0xfd:
  43   3                  keyvalue=2;
  44   3                  break;
  45   3                case 0xfb:
  46   3                  keyvalue=3;
  47   3                  break;
  48   3                case 0xf7:
  49   3                  keyvalue=4;
  50   3                  break;
  51   3                case 0xef:
  52   3                  keyvalue=5;
  53   3                  break;
  54   3                case 0xdf:
  55   3                  keyvalue=6;
C51 COMPILER V9.00   8位竞赛抢答器的设计                                                   06/06/2019 20:53:41 PAGE 2   

  56   3                  break;
  57   3                case 0xbf:
  58   3                  keyvalue=7;
  59   3                  break;
  60   3            case 0x7f:
  61   3                  keyvalue=8;
  62   3                  break;
  63   3                default:
  64   3                  keyvalue=0;
  65   3                  break;
  66   3              }
  67   2        }
  68   1      
  69   1        return keyvalue;
  70   1      }
  71          
  72          void max7219_send(unsigned char add,unsigned char dat)//向max7219写指令函数
  73          {
  74   1        unsigned char ADS,i,j;
  75   1      
  76   1        LOAD=0;
  77   1        i=0;
  78   1        while(i<16)
  79   1        {
  80   2          if(i<8)
  81   2              {
  82   3                ADS=add;
  83   3              }
  84   2              else
  85   2              {
  86   3                ADS=dat;
  87   3              }
  88   2              for(j=8;j>=1;j--)
  89   2              {
  90   3                DIN=ADS&0x80;
  91   3                ADS=ADS<<1;
  92   3                CLK=1;
  93   3                CLK=0;
  94   3              }
  95   2              i=i+8;
  96   2        }
  97   1        LOAD=1;
  98   1      }
  99          
 100          void max7219_init()//max7219初始化函数
 101          {
 102   1        max7219_send(0x0c,0x01);
 103   1        max7219_send(0x0b,0x07);
 104   1        max7219_send(0x0a,0xf5);
 105   1        max7219_send(0x09,0xff);
 106   1      }
 107          
 108          void time_display(unsigned char x)//时间显示
 109          {
 110   1        unsigned char i,j;
 111   1        i=x/10;
 112   1        j=x%10;
 113   1        max7219_send(num_add[1],num_dat[j]);
 114   1        max7219_send(num_add[0],num_dat[i]);
 115   1      }
 116          
 117          void scare_display(unsigned char x)//抢答结果显示
C51 COMPILER V9.00   8位竞赛抢答器的设计                                                   06/06/2019 20:53:41 PAGE 3   

 118          {
 119   1        unsigned char i,j;
 120   1        i=x/10;
 121   1        j=x%10;
 122   1        max7219_send(num_add[3],num_dat[j]);
 123   1        max7219_send(num_add[2],num_dat[i]);
 124   1      }
 125          
 126          void holderscan()//抢答时间设置，0-60s
 127          {
 128   1        time_display(second);
 129   1        scare_display(people);
 130   1        if(~key_clear)//如果有键按下，改变抢答时间
 131   1        {
 132   2          while(~key_clear);
 133   2              if(people)//如果抢答结果没有清空，抢答器重置
 134   2              {
 135   3                second=30;
 136   3                people=0;
 137   3              }
 138   2              if(second<60)
 139   2              {
 140   3                second++;
 141   3              }
 142   2              else
 143   2              {
 144   3                second=0;
 145   3              }
 146   2        }
 147   1      }
 148          
 149          void timer_init()
 150          {
 151   1        EA=1;
 152   1        ET0=1;
 153   1        TMOD=0x01;
 154   1        TH0=0xd8;//设定10ms中断一次
 155   1        TL0=0xef;
 156   1      }
 157          
 158          void main()
 159          {
 160   1        while(1)
 161   1        {
 162   2        do{
 163   3          holderscan();
 164   3        }while(begin);//开始前进行设置,若未按下开始键
 165   2        while(~begin);//防抖
 166   2        max7219_init(); //芯片初始化
 167   2        timer_init();   //中断初始化
 168   2        TR0=1;                  //开始中断
 169   2        do{
 170   3          time_display(second);
 171   3              scare_display(people);
 172   3              people=keyscan();
 173   3        }while((!people)&&(second));//运行直到抢答结束或者时间结束
 174   2        TR0=0;
 175   2        }
 176   1      }
 177          
 178          void timer0() interrupt 1
 179          {
C51 COMPILER V9.00   8位竞赛抢答器的设计                                                   06/06/2019 20:53:41 PAGE 4   

 180   1        if(counter<100)
 181   1        {
 182   2          counter++;
 183   2              if(counter==50)
 184   2              {
 185   3                sounder=0;
 186   3              }
 187   2        }
 188   1        else
 189   1        {
 190   2          sounder=1;
 191   2          counter=0;
 192   2              second=second-1;
 193   2        }
 194   1        TH0=0xd8;//重新装载
 195   1        TL0=0xef;
 196   1        TR0=1;
 197   1      }


MODULE INFORMATION:   STATIC OVERLAYABLE
   CODE SIZE        =    373    ----
   CONSTANT SIZE    =   ----    ----
   XDATA SIZE       =   ----    ----
   PDATA SIZE       =   ----    ----
   DATA SIZE        =     21       1
   IDATA SIZE       =   ----    ----
   BIT SIZE         =   ----    ----
END OF MODULE INFORMATION.


C51 COMPILATION COMPLETE.  0 WARNING(S),  0 ERROR(S)
